\BOOKMARK [1][-]{section.1}{Intrinsic Currency}{}% 1
\BOOKMARK [1][-]{section.2}{External Actors}{}% 2
\BOOKMARK [1][-]{section.3}{Programming Languages}{}% 3
\BOOKMARK [2][-]{subsection.3.1}{Lower-Level Lisp}{section.3}% 4
\BOOKMARK [2][-]{subsection.3.2}{Solidity}{section.3}% 5
\BOOKMARK [1][-]{section.4}{Memory and Storage}{}% 6
\BOOKMARK [2][-]{subsection.4.1}{Data Structures}{section.4}% 7
\BOOKMARK [3][-]{subsubsection.4.1.1}{World State}{subsection.4.1}% 8
\BOOKMARK [2][-]{subsection.4.2}{The Block}{section.4}% 9
\BOOKMARK [3][-]{subsubsection.4.2.1}{Block Header}{subsection.4.2}% 10
\BOOKMARK [2][-]{subsection.4.3}{State Database}{section.4}% 11
\BOOKMARK [2][-]{subsection.4.4}{Merkle-Patricia Trees}{section.4}% 12
\BOOKMARK [3][-]{subsubsection.4.4.1}{RLP}{subsection.4.4}% 13
\BOOKMARK [3][-]{subsubsection.4.4.2}{Account State}{subsection.4.4}% 14
\BOOKMARK [2][-]{subsection.4.5}{Bloom Filter}{section.4}% 15
\BOOKMARK [3][-]{subsubsection.4.5.1}{Transaction Receipts}{subsection.4.5}% 16
\BOOKMARK [1][-]{section.5}{Processing and Computation}{}% 17
\BOOKMARK [2][-]{subsection.5.1}{State Transition Function}{section.5}% 18
\BOOKMARK [3][-]{subsubsection.5.1.1}{Ethash}{subsection.5.1}% 19
\BOOKMARK [2][-]{subsection.5.2}{Verification}{section.5}% 20
\BOOKMARK [3][-]{subsubsection.5.2.1}{Ommers}{subsection.5.2}% 21
\BOOKMARK [3][-]{subsubsection.5.2.2}{Is\137Sibling Property}{subsection.5.2}% 22
\BOOKMARK [2][-]{subsection.5.3}{Transactions}{section.5}% 23
\BOOKMARK [2][-]{subsection.5.4}{Execution}{section.5}% 24
\BOOKMARK [3][-]{subsubsection.5.4.1}{Intrinsic Validity}{subsection.5.4}% 25
\BOOKMARK [3][-]{subsubsection.5.4.2}{Execution Model}{subsection.5.4}% 26
\BOOKMARK [3][-]{subsubsection.5.4.3}{Message Calls}{subsection.5.4}% 27
\BOOKMARK [3][-]{subsubsection.5.4.4}{Contract Creation}{subsection.5.4}% 28
\BOOKMARK [3][-]{subsubsection.5.4.5}{Account Creation}{subsection.5.4}% 29
\BOOKMARK [2][-]{subsection.5.5}{Halting}{section.5}% 30
\BOOKMARK [2][-]{subsection.5.6}{Gas}{section.5}% 31
\BOOKMARK [3][-]{subsubsection.5.6.1}{Machine State}{subsection.5.6}% 32
\BOOKMARK [3][-]{subsubsection.5.6.2}{Exceptional Halting}{subsection.5.6}% 33
\BOOKMARK [3][-]{subsubsection.5.6.3}{EVM Code}{subsection.5.6}% 34
\BOOKMARK [3][-]{subsubsection.5.6.4}{Opcodes/EVM Assembly}{subsection.5.6}% 35
\BOOKMARK [-1][-]{part.1}{Appendix}{}% 36
\BOOKMARK [0][-]{appendix.A}{Opcodes}{part.1}% 37
\BOOKMARK [1][-]{table.1}{References}{appendix.A}% 38
\BOOKMARK [1][-]{section*.3}{Glossary}{appendix.A}% 39
\BOOKMARK [1][-]{section*.5}{Acronyms}{appendix.A}% 40
\BOOKMARK [1][-]{section*.6}{Index}{appendix.A}% 41
