\BOOKMARK [1][-]{section.1}{Introduction}{}% 1
\BOOKMARK [1][-]{section.2}{FAQ}{}% 2
\BOOKMARK [1][-]{section.3}{Key Terms and Concepts}{}% 3
\BOOKMARK [1][-]{section.4}{Transactions}{}% 4
\BOOKMARK [2][-]{subsection.4.1}{Message Calls}{section.4}% 5
\BOOKMARK [2][-]{subsection.4.2}{Contract Creation}{section.4}% 6
\BOOKMARK [1][-]{section.5}{Gas}{}% 7
\BOOKMARK [2][-]{subsection.5.1}{Gasprice}{section.5}% 8
\BOOKMARK [2][-]{subsection.5.2}{Gaslimit}{section.5}% 9
\BOOKMARK [2][-]{subsection.5.3}{Gasused}{section.5}% 10
\BOOKMARK [2][-]{subsection.5.4}{Execution}{section.5}% 11
\BOOKMARK [2][-]{subsection.5.5}{Execution Model}{section.5}% 12
\BOOKMARK [2][-]{subsection.5.6}{Execution Environment}{section.5}% 13
\BOOKMARK [2][-]{subsection.5.7}{State Machines}{section.5}% 14
\BOOKMARK [2][-]{subsection.5.8}{Miner Choice}{section.5}% 15
\BOOKMARK [1][-]{section.6}{States}{}% 16
\BOOKMARK [2][-]{subsection.6.1}{Substate}{section.6}% 17
\BOOKMARK [1][-]{section.7}{State Transitions}{}% 18
\BOOKMARK [1][-]{section.8}{Currency}{}% 19
\BOOKMARK [1][-]{section.9}{Machine State}{}% 20
\BOOKMARK [1][-]{section.10}{Account Creation}{}% 21
\BOOKMARK [1][-]{section.11}{Ethash}{}% 22
\BOOKMARK [2][-]{subsection.11.1}{GHOST Protocol}{section.11}% 23
\BOOKMARK [1][-]{section.12}{A message call}{}% 24
\BOOKMARK [1][-]{section.13}{RLP}{}% 25
\BOOKMARK [2][-]{subsection.13.1}{Well-Formed RLP}{section.13}% 26
\BOOKMARK [1][-]{section.14}{Blocks}{}% 27
\BOOKMARK [2][-]{subsection.14.1}{Transaction Receipts}{section.14}% 28
\BOOKMARK [2][-]{subsection.14.2}{Nonce}{section.14}% 29
\BOOKMARK [2][-]{subsection.14.3}{Ommers}{section.14}% 30
\BOOKMARK [1][-]{section.15}{OPCODES}{}% 31
\BOOKMARK [2][-]{subsection.15.1}{Lower-Level Lisp}{section.15}% 32
\BOOKMARK [2][-]{subsection.15.2}{Solidity}{section.15}% 33
\BOOKMARK [2][-]{subsection.15.3}{EVM Code}{section.15}% 34
\BOOKMARK [2][-]{subsection.15.4}{Formal Signs}{section.15}% 35
\BOOKMARK [1][-]{section.16}{Contract Creation}{}% 36
\BOOKMARK [1][-]{section.17}{Bit Sequences}{}% 37
\BOOKMARK [1][-]{section.18}{ECDSA}{}% 38
\BOOKMARK [2][-]{subsection.18.1}{Public Keys}{section.18}% 39
\BOOKMARK [2][-]{subsection.18.2}{Private Keys}{section.18}% 40
\BOOKMARK [1][-]{section.19}{Byte Arrays}{}% 41
\BOOKMARK [1][-]{section.20}{Apply Rewards}{}% 42
\BOOKMARK [1][-]{section.21}{Verification}{}% 43
\BOOKMARK [2][-]{subsection.21.1}{Ommershash}{section.21}% 44
\BOOKMARK [2][-]{subsection.21.2}{Beneficiary}{section.21}% 45
\BOOKMARK [2][-]{subsection.21.3}{Bloom Filter}{section.21}% 46
\BOOKMARK [2][-]{subsection.21.4}{isSibling Property}{section.21}% 47
\BOOKMARK [2][-]{subsection.21.5}{Mining}{section.21}% 48
\BOOKMARK [1][-]{section.22}{Halting}{}% 49
\BOOKMARK [1][-]{section.23}{World State}{}% 50
\BOOKMARK [1][-]{section.24}{Account State}{}% 51
\BOOKMARK [2][-]{subsection.24.1}{Nonce}{section.24}% 52
\BOOKMARK [2][-]{subsection.24.2}{Storage Root}{section.24}% 53
\BOOKMARK [2][-]{subsection.24.3}{Code Hash}{section.24}% 54
\BOOKMARK [2][-]{subsection.24.4}{Balance}{section.24}% 55
\BOOKMARK [2][-]{subsection.Alph0.1}{What problems did the original Yellowpaper have?}{section.24}% 56
\BOOKMARK [2][-]{subsection.Alph0.2}{Symbol Key}{section.24}% 57
\BOOKMARK [1][-]{section*.12}{Glossary}{}% 58
\BOOKMARK [1][-]{section*.14}{Acronyms}{}% 59
