\BOOKMARK [1][-]{section.1}{Preface}{}% 1
\BOOKMARK [1][-]{section.2}{Introduction}{}% 2
\BOOKMARK [1][-]{section.3}{FAQ}{}% 3
\BOOKMARK [1][-]{section.4}{Key Terms and Concepts}{}% 4
\BOOKMARK [1][-]{section.5}{Transactions}{}% 5
\BOOKMARK [2][-]{subsection.5.1}{Message Calls}{section.5}% 6
\BOOKMARK [2][-]{subsection.5.2}{Contract Creation}{section.5}% 7
\BOOKMARK [1][-]{section.6}{Gas}{}% 8
\BOOKMARK [2][-]{subsection.6.1}{Gasprice}{section.6}% 9
\BOOKMARK [2][-]{subsection.6.2}{Gaslimit}{section.6}% 10
\BOOKMARK [2][-]{subsection.6.3}{Gasused}{section.6}% 11
\BOOKMARK [2][-]{subsection.6.4}{Execution}{section.6}% 12
\BOOKMARK [2][-]{subsection.6.5}{Execution Model}{section.6}% 13
\BOOKMARK [2][-]{subsection.6.6}{Execution Environment}{section.6}% 14
\BOOKMARK [2][-]{subsection.6.7}{State Machines}{section.6}% 15
\BOOKMARK [2][-]{subsection.6.8}{Miner Choice}{section.6}% 16
\BOOKMARK [1][-]{section.7}{States}{}% 17
\BOOKMARK [2][-]{subsection.7.1}{Substate}{section.7}% 18
\BOOKMARK [1][-]{section.8}{State Transitions}{}% 19
\BOOKMARK [1][-]{section.9}{Currency}{}% 20
\BOOKMARK [1][-]{section.10}{Machine State}{}% 21
\BOOKMARK [1][-]{section.11}{Account Creation}{}% 22
\BOOKMARK [1][-]{section.12}{Ethash}{}% 23
\BOOKMARK [2][-]{subsection.12.1}{GHOST Protocol}{section.12}% 24
\BOOKMARK [1][-]{section.13}{A message call}{}% 25
\BOOKMARK [1][-]{section.14}{RLP}{}% 26
\BOOKMARK [2][-]{subsection.14.1}{Well-Formed RLP}{section.14}% 27
\BOOKMARK [1][-]{section.15}{Blocks}{}% 28
\BOOKMARK [2][-]{subsection.15.1}{Transaction Receipts}{section.15}% 29
\BOOKMARK [2][-]{subsection.15.2}{Nonce}{section.15}% 30
\BOOKMARK [2][-]{subsection.15.3}{Ommers}{section.15}% 31
\BOOKMARK [1][-]{section.16}{OPCODES}{}% 32
\BOOKMARK [2][-]{subsection.16.1}{Lower-Level Lisp}{section.16}% 33
\BOOKMARK [2][-]{subsection.16.2}{Solidity}{section.16}% 34
\BOOKMARK [2][-]{subsection.16.3}{EVM Code}{section.16}% 35
\BOOKMARK [2][-]{subsection.16.4}{Formal Signs}{section.16}% 36
\BOOKMARK [1][-]{section.17}{Contract Creation}{}% 37
\BOOKMARK [1][-]{section.18}{Bit Sequences}{}% 38
\BOOKMARK [1][-]{section.19}{ECDSA}{}% 39
\BOOKMARK [2][-]{subsection.19.1}{Public Keys}{section.19}% 40
\BOOKMARK [2][-]{subsection.19.2}{Private Keys}{section.19}% 41
\BOOKMARK [1][-]{section.20}{Byte Arrays}{}% 42
\BOOKMARK [1][-]{section.21}{Apply Rewards}{}% 43
\BOOKMARK [1][-]{section.22}{Verification}{}% 44
\BOOKMARK [2][-]{subsection.22.1}{Ommershash}{section.22}% 45
\BOOKMARK [2][-]{subsection.22.2}{Beneficiary}{section.22}% 46
\BOOKMARK [2][-]{subsection.22.3}{Bloom Filter}{section.22}% 47
\BOOKMARK [2][-]{subsection.22.4}{isSibling Property}{section.22}% 48
\BOOKMARK [2][-]{subsection.22.5}{Mining}{section.22}% 49
\BOOKMARK [1][-]{section.23}{Halting}{}% 50
\BOOKMARK [1][-]{section.24}{World State}{}% 51
\BOOKMARK [1][-]{section.25}{Account State}{}% 52
\BOOKMARK [2][-]{subsection.25.1}{Nonce}{section.25}% 53
\BOOKMARK [2][-]{subsection.25.2}{Storage Root}{section.25}% 54
\BOOKMARK [2][-]{subsection.25.3}{Code Hash}{section.25}% 55
\BOOKMARK [2][-]{subsection.25.4}{Balance}{section.25}% 56
\BOOKMARK [2][-]{subsection.Alph0.1}{What problems did the original Yellowpaper have?}{section.25}% 57
\BOOKMARK [2][-]{subsection.Alph0.2}{Symbol Key}{section.25}% 58
\BOOKMARK [1][-]{section*.3}{Glossary}{}% 59
\BOOKMARK [1][-]{section*.5}{Acronyms}{}% 60
